{"/home/pavel/frontend-project-lvl2/src/diff.js": {"path":"/home/pavel/frontend-project-lvl2/src/diff.js","statementMap":{"0":{"start":{"line":5,"column":21},"end":{"line":9,"column":1}},"1":{"start":{"line":6,"column":17},"end":{"line":7,"column":48}},"2":{"start":{"line":8,"column":2},"end":{"line":8,"column":27}},"3":{"start":{"line":11,"column":16},"end":{"line":37,"column":1}},"4":{"start":{"line":12,"column":16},"end":{"line":12,"column":54}},"5":{"start":{"line":13,"column":16},"end":{"line":13,"column":54}},"6":{"start":{"line":14,"column":16},"end":{"line":14,"column":59}},"7":{"start":{"line":15,"column":16},"end":{"line":15,"column":59}},"8":{"start":{"line":17,"column":18},"end":{"line":17,"column":81}},"9":{"start":{"line":18,"column":21},"end":{"line":34,"column":8}},"10":{"start":{"line":19,"column":4},"end":{"line":22,"column":5}},"11":{"start":{"line":20,"column":6},"end":{"line":20,"column":37}},"12":{"start":{"line":21,"column":6},"end":{"line":21,"column":17}},"13":{"start":{"line":23,"column":4},"end":{"line":26,"column":5}},"14":{"start":{"line":24,"column":6},"end":{"line":24,"column":37}},"15":{"start":{"line":25,"column":6},"end":{"line":25,"column":17}},"16":{"start":{"line":27,"column":4},"end":{"line":30,"column":5}},"17":{"start":{"line":28,"column":6},"end":{"line":28,"column":37}},"18":{"start":{"line":29,"column":6},"end":{"line":29,"column":17}},"19":{"start":{"line":31,"column":4},"end":{"line":31,"column":35}},"20":{"start":{"line":32,"column":4},"end":{"line":32,"column":35}},"21":{"start":{"line":33,"column":4},"end":{"line":33,"column":15}},"22":{"start":{"line":35,"column":24},"end":{"line":35,"column":50}},"23":{"start":{"line":36,"column":2},"end":{"line":36,"column":37}}},"fnMap":{"0":{"name":"(anonymous_0)","decl":{"start":{"line":5,"column":21},"end":{"line":5,"column":22}},"loc":{"start":{"line":5,"column":30},"end":{"line":9,"column":1}},"line":5},"1":{"name":"(anonymous_1)","decl":{"start":{"line":11,"column":16},"end":{"line":11,"column":17}},"loc":{"start":{"line":11,"column":42},"end":{"line":37,"column":1}},"line":11},"2":{"name":"(anonymous_2)","decl":{"start":{"line":18,"column":36},"end":{"line":18,"column":37}},"loc":{"start":{"line":18,"column":50},"end":{"line":34,"column":3}},"line":18}},"branchMap":{"0":{"loc":{"start":{"line":19,"column":4},"end":{"line":22,"column":5}},"type":"if","locations":[{"start":{"line":19,"column":4},"end":{"line":22,"column":5}},{"start":{},"end":{}}],"line":19},"1":{"loc":{"start":{"line":19,"column":8},"end":{"line":19,"column":47}},"type":"binary-expr","locations":[{"start":{"line":19,"column":8},"end":{"line":19,"column":25}},{"start":{"line":19,"column":29},"end":{"line":19,"column":47}}],"line":19},"2":{"loc":{"start":{"line":23,"column":4},"end":{"line":26,"column":5}},"type":"if","locations":[{"start":{"line":23,"column":4},"end":{"line":26,"column":5}},{"start":{},"end":{}}],"line":23},"3":{"loc":{"start":{"line":23,"column":8},"end":{"line":23,"column":47}},"type":"binary-expr","locations":[{"start":{"line":23,"column":8},"end":{"line":23,"column":26}},{"start":{"line":23,"column":30},"end":{"line":23,"column":47}}],"line":23},"4":{"loc":{"start":{"line":27,"column":4},"end":{"line":30,"column":5}},"type":"if","locations":[{"start":{"line":27,"column":4},"end":{"line":30,"column":5}},{"start":{},"end":{}}],"line":27}},"s":{"0":1,"1":1,"2":1,"3":1,"4":1,"5":1,"6":1,"7":1,"8":1,"9":1,"10":5,"11":2,"12":2,"13":3,"14":1,"15":1,"16":2,"17":1,"18":1,"19":1,"20":1,"21":1,"22":1,"23":1},"f":{"0":1,"1":1,"2":5},"b":{"0":[2,3],"1":[5,4],"2":[1,2],"3":[3,1],"4":[1,1]},"_coverageSchema":"1a1c01bbd47fc00a2c39e90264f33305004495a9","hash":"8dca561efc702932c3242a3a343513c40d639112"}
}
