TN:
SF:src/diff.js
FN:5,(anonymous_0)
FN:11,(anonymous_1)
FN:18,(anonymous_2)
FNF:3
FNH:3
FNDA:1,(anonymous_0)
FNDA:1,(anonymous_1)
FNDA:5,(anonymous_2)
DA:5,1
DA:6,1
DA:8,1
DA:11,1
DA:12,1
DA:13,1
DA:14,1
DA:15,1
DA:17,1
DA:18,1
DA:19,5
DA:20,2
DA:21,2
DA:23,3
DA:24,1
DA:25,1
DA:27,2
DA:28,1
DA:29,1
DA:31,1
DA:32,1
DA:33,1
DA:35,1
DA:36,1
LF:24
LH:24
BRDA:19,0,0,2
BRDA:19,0,1,3
BRDA:19,1,0,5
BRDA:19,1,1,4
BRDA:23,2,0,1
BRDA:23,2,1,2
BRDA:23,3,0,3
BRDA:23,3,1,1
BRDA:27,4,0,1
BRDA:27,4,1,1
BRF:10
BRH:10
end_of_record
